<?xml version="1.0" encoding="UTF-8"?>
<!-- Generated by org.testng.reporters.JUnitReportReporter -->
<testsuite skipped="0" hostname="Sris-MacBook-Pro.local" name="com.Test.LoginTest" tests="2" failures="0" timestamp="04 Jan 2019 22:10:16 GMT" time="10.471" errors="0">
  <testcase name="valiadateTitle" time="5.657" classname="com.Test.LoginTest"/>
  <testcase name="validatelogo" time="4.814" classname="com.Test.LoginTest"/>
</testsuite> <!-- com.Test.LoginTest -->
